<?xml version="1.0" encoding="UTF-8"?>
<!-- Generated by org.testng.reporters.JUnitXMLReporter -->
<testsuite ignored="0" hostname="DESKTOP-6891DEK" failures="0" tests="4" name="Default test" time="50.76" errors="0" timestamp="01 Mar 2023 12:52:23 GMT">
  <testcase classname="pravinParab.frameWorks.frameWork4_HashMap" name="submitOrder" time="15.917"/>
  <testcase classname="pravinParab.frameWorks.frameWork4_HashMap" name="submitOrder" time="15.487"/>
  <testcase classname="pravinParab.frameWorks.frameWork4_HashMap" name="OrderHistoryTest" time="0.783"/>
  <testcase classname="pravinParab.frameWorks.frameWork4_HashMap" name="OrderHistoryTest" time="0.697"/>
</testsuite> <!-- Default test -->
