<?xml version="1.0" encoding="UTF-8"?>
<!-- Generated by org.testng.reporters.JUnitXMLReporter -->
<testsuite ignored="0" hostname="DESKTOP-6891DEK" failures="0" tests="4" name="Data Provider" time="100.387" errors="0" timestamp="03 Jan 2023 11:41:20 GMT">
  <testcase classname="pravinParab.frameWorks.frameWork4_DataProvider" name="submitOrder" time="5.056"/>
  <testcase classname="pravinParab.frameWorks.frameWork4_DataProvider" name="submitOrder" time="15.374"/>
  <testcase classname="pravinParab.frameWorks.frameWork4_DataProvider" name="OrderHistoryTest" time="0.725"/>
  <testcase classname="pravinParab.frameWorks.frameWork4_DataProvider" name="OrderHistoryTest" time="0.673"/>
</testsuite> <!-- Data Provider -->
