<?xml version="1.0" encoding="UTF-8"?>
<!-- Generated by org.testng.reporters.JUnitXMLReporter -->
<testsuite ignored="0" hostname="DESKTOP-6891DEK" failures="0" tests="2" name="Dependency Attribute" time="26.645" errors="0" timestamp="03 Jan 2023 11:35:56 GMT">
  <testcase classname="pravinParab.frameWorks.frameWork3_DependencyAttribute" name="submitOrder" time="15.792"/>
  <testcase classname="pravinParab.frameWorks.frameWork3_DependencyAttribute" name="OrderHistoryTest" time="0.77"/>
</testsuite> <!-- Dependency Attribute -->
