<?xml version="1.0" encoding="UTF-8"?>
<!-- Generated by org.testng.reporters.JUnitXMLReporter -->
<testsuite ignored="2" hostname="DESKTOP-6891DEK" failures="0" tests="0" time="0.002" errors="0" timestamp="03 Jan 2023 05:49:06 GMT">
  <testcase classname="pravinParab.frameWorks.frameWork3_ErrorValidation" name="ProductErrorValidation" time="0.0">
    <ignored/>
  </testcase> <!-- ProductErrorValidation -->
  <testcase classname="pravinParab.frameWorks.frameWork3_ErrorValidation" name="LogInErrorValidation" time="0.0">
    <ignored/>
  </testcase> <!-- LogInErrorValidation -->
</testsuite>
