<?xml version="1.0" encoding="UTF-8"?>
<!-- Generated by org.testng.reporters.JUnitXMLReporter -->
<testsuite ignored="0" hostname="DESKTOP-6891DEK" failures="0" tests="4" name="Hash Map" time="81.382" errors="0" timestamp="03 Jan 2023 11:37:55 GMT">
  <testcase classname="pravinParab.frameWorks.frameWork4_HashMap" name="submitOrder" time="15.66"/>
  <testcase classname="pravinParab.frameWorks.frameWork4_HashMap" name="submitOrder" time="15.454"/>
  <testcase classname="pravinParab.frameWorks.frameWork4_HashMap" name="OrderHistoryTest" time="0.71"/>
  <testcase classname="pravinParab.frameWorks.frameWork4_HashMap" name="OrderHistoryTest" time="0.673"/>
</testsuite> <!-- Hash Map -->
