<?xml version="1.0" encoding="UTF-8"?>
<!-- Generated by org.testng.reporters.JUnitXMLReporter -->
<testsuite ignored="0" hostname="DESKTOP-6891DEK" failures="0" tests="4" name="json File" time="36.885" errors="0" timestamp="03 Jan 2023 11:36:33 GMT">
  <testcase classname="pravinParab.frameWorks.frameWork4_jsonFile" name="submitOrder" time="15.685"/>
  <testcase classname="pravinParab.frameWorks.frameWork4_jsonFile" name="submitOrder" time="4.909"/>
  <testcase classname="pravinParab.frameWorks.frameWork4_jsonFile" name="OrderHistoryTest" time="0.759"/>
  <testcase classname="pravinParab.frameWorks.frameWork4_jsonFile" name="OrderHistoryTest" time="0.614"/>
</testsuite> <!-- json File -->
