<?xml version="1.0" encoding="UTF-8"?>
<!-- Generated by org.testng.reporters.JUnitXMLReporter -->
<testsuite ignored="0" hostname="DESKTOP-6891DEK" failures="0" tests="4" name="take ScreenShot" time="63.127" errors="0" timestamp="03 Jan 2023 11:39:18 GMT">
  <testcase classname="pravinParab.frameWorks.frameWork4_takeScreenShot" name="submitOrder" time="15.534"/>
  <testcase classname="pravinParab.frameWorks.frameWork4_takeScreenShot" name="submitOrder" time="15.488"/>
  <testcase classname="pravinParab.frameWorks.frameWork4_takeScreenShot" name="OrderHistoryTest" time="0.745"/>
  <testcase classname="pravinParab.frameWorks.frameWork4_takeScreenShot" name="OrderHistoryTest" time="0.7"/>
</testsuite> <!-- take ScreenShot -->
