<?xml version="1.0" encoding="UTF-8"?>
<!-- Generated by org.testng.reporters.JUnitXMLReporter -->
<testsuite ignored="7" hostname="DESKTOP-6891DEK" failures="0" tests="4" name="Test" time="84.529" errors="0" timestamp="03 Jan 2023 06:02:19 GMT">
  <testcase classname="pravinParab.frameWorks.frameWork4_HashMap" name="submitOrder" time="15.674"/>
  <testcase classname="pravinParab.frameWorks.frameWork4_HashMap" name="submitOrder" time="5.064"/>
  <testcase classname="pravinParab.frameWorks.frameWork4_DataProvider" name="submitOrder" time="15.593"/>
  <testcase classname="pravinParab.frameWorks.frameWork4_DataProvider" name="submitOrder" time="15.449"/>
  <testcase classname="pravinParab.frameWorks.frameWork3_DependencyAttribute" name="OrderHistoryTest" time="0.0">
    <ignored/>
  </testcase> <!-- OrderHistoryTest -->
  <testcase classname="pravinParab.frameWorks.frameWork3_ErrorValidation" name="ProductErrorValidation" time="0.0">
    <ignored/>
  </testcase> <!-- ProductErrorValidation -->
  <testcase classname="pravinParab.frameWorks.frameWork3_ErrorValidation" name="LogInErrorValidation" time="0.0">
    <ignored/>
  </testcase> <!-- LogInErrorValidation -->
  <testcase classname="pravinParab.frameWorks.frameWork4_HashMap" name="OrderHistoryTest" time="0.0">
    <ignored/>
  </testcase> <!-- OrderHistoryTest -->
  <testcase classname="pravinParab.frameWorks.frameWork4_DataProvider" name="OrderHistoryTest" time="0.0">
    <ignored/>
  </testcase> <!-- OrderHistoryTest -->
  <testcase classname="pravinParab.frameWorks.frameWork2_POM" name="submitOrder" time="0.0">
    <ignored/>
  </testcase> <!-- submitOrder -->
  <testcase classname="pravinParab.frameWorks.frameWork3_DependencyAttribute" name="submitOrder" time="0.0">
    <ignored/>
  </testcase> <!-- submitOrder -->
</testsuite> <!-- Test -->
