<?xml version="1.0" encoding="UTF-8"?>
<!-- Generated by org.testng.reporters.JUnitXMLReporter -->
<testsuite ignored="0" hostname="DESKTOP-6891DEK" failures="0" tests="4" name="Data Provider" time="79.099" errors="0" timestamp="04 Jan 2023 11:29:06 GMT">
  <testcase classname="pravinParab.frameWorks.frameWork4_DataProvider" name="submitOrder" time="15.649"/>
  <testcase classname="pravinParab.frameWorks.frameWork4_DataProvider" name="submitOrder" time="15.393"/>
  <testcase classname="pravinParab.frameWorks.frameWork4_DataProvider" name="OrderHistoryTest" time="0.79"/>
  <testcase classname="pravinParab.frameWorks.frameWork4_DataProvider" name="OrderHistoryTest" time="0.694"/>
</testsuite> <!-- Data Provider -->
