<?xml version="1.0" encoding="UTF-8"?>
<!-- Generated by org.testng.reporters.JUnitXMLReporter -->
<testsuite ignored="0" hostname="DESKTOP-6891DEK" failures="0" tests="2" name="Dependency Attribute" time="46.485" errors="0" timestamp="04 Jan 2023 11:23:05 GMT">
  <testcase classname="pravinParab.frameWorks.frameWork3_DependencyAttribute" name="submitOrder" time="16.233"/>
  <testcase classname="pravinParab.frameWorks.frameWork3_DependencyAttribute" name="OrderHistoryTest" time="0.787"/>
</testsuite> <!-- Dependency Attribute -->
