<?xml version="1.0" encoding="UTF-8"?>
<!-- Generated by org.testng.reporters.JUnitXMLReporter -->
<testsuite ignored="0" hostname="DESKTOP-6891DEK" failures="1" tests="2" name="Error Validation Test" time="24.588" errors="0" timestamp="04 Jan 2023 12:03:01 GMT">
  <testcase classname="pravinParab.frameWorks.frameWork3_ErrorValidation" name="LogInErrorValidation" time="0.491">
    <failure type="java.lang.AssertionError" message="expected [Incorrect email or password.] but found [Incorrect email  password.]">
      <![CDATA[java.lang.AssertionError: expected [Incorrect email or password.] but found [Incorrect email  password.]
at pravinParab.frameWorks.frameWork3_ErrorValidation.LogInErrorValidation(frameWork3_ErrorValidation.java:24)
... Removed 35 stack frames]]>
    </failure>
  </testcase> <!-- LogInErrorValidation -->
  <testcase classname="pravinParab.frameWorks.frameWork3_ErrorValidation" name="ProductErrorValidation" time="13.713"/>
</testsuite> <!-- Error Validation Test -->
