<?xml version="1.0" encoding="UTF-8"?>
<!-- Generated by org.testng.reporters.JUnitXMLReporter -->
<testsuite ignored="0" hostname="DESKTOP-6891DEK" failures="0" tests="4" name="Hash Map" time="78.473" errors="0" timestamp="04 Jan 2023 11:25:29 GMT">
  <testcase classname="pravinParab.frameWorks.frameWork4_HashMap" name="submitOrder" time="3.396">
    <skipped/>
  </testcase> <!-- submitOrder -->
  <testcase classname="pravinParab.frameWorks.frameWork4_HashMap" name="submitOrder" time="15.602"/>
  <testcase classname="pravinParab.frameWorks.frameWork4_HashMap" name="submitOrder" time="15.503"/>
  <testcase classname="pravinParab.frameWorks.frameWork4_HashMap" name="OrderHistoryTest" time="0.0">
    <skipped/>
  </testcase> <!-- OrderHistoryTest -->
</testsuite> <!-- Hash Map -->
