<?xml version="1.0" encoding="UTF-8"?>
<!-- Generated by org.testng.reporters.JUnitXMLReporter -->
<testsuite ignored="0" hostname="DESKTOP-6891DEK" failures="0" tests="4" name="json File" time="64.687" errors="0" timestamp="04 Jan 2023 11:24:11 GMT">
  <testcase classname="pravinParab.frameWorks.frameWork4_jsonFile" name="submitOrder" time="15.9"/>
  <testcase classname="pravinParab.frameWorks.frameWork4_jsonFile" name="submitOrder" time="15.744"/>
  <testcase classname="pravinParab.frameWorks.frameWork4_jsonFile" name="OrderHistoryTest" time="0.788"/>
  <testcase classname="pravinParab.frameWorks.frameWork4_jsonFile" name="OrderHistoryTest" time="0.752"/>
</testsuite> <!-- json File -->
