<?xml version="1.0" encoding="UTF-8"?>
<!-- Generated by org.testng.reporters.JUnitXMLReporter -->
<testsuite ignored="0" hostname="DESKTOP-6891DEK" failures="0" tests="4" name="take ScreenShot" time="62.159" errors="0" timestamp="04 Jan 2023 11:26:51 GMT">
  <testcase classname="pravinParab.frameWorks.frameWork4_takeScreenShot" name="submitOrder" time="15.674"/>
  <testcase classname="pravinParab.frameWorks.frameWork4_takeScreenShot" name="submitOrder" time="15.434"/>
  <testcase classname="pravinParab.frameWorks.frameWork4_takeScreenShot" name="OrderHistoryTest" time="0.569"/>
  <testcase classname="pravinParab.frameWorks.frameWork4_takeScreenShot" name="OrderHistoryTest" time="0.777"/>
</testsuite> <!-- take ScreenShot -->
